<?xml version="1.0" encoding="UTF-8"?>
<!-- Generated by org.testng.reporters.JUnitReportReporter -->
<testsuite skipped="0" hostname="L-156053666" name="Rubel.HelloWorld" tests="1" failures="0" timestamp="05 May 2018 14:59:59 GMT" time="0.000" errors="0">
  <testcase name="Hi" time="0.000" classname="Rubel.HelloWorld"/>
</testsuite> <!-- Rubel.HelloWorld -->
