<?xml version="1.0" encoding="UTF-8"?>
<!-- Generated by org.testng.reporters.JUnitReportReporter -->
<testsuite skipped="0" hostname="L-156053666" name="Rubel.GroupTest" tests="3" failures="0" timestamp="05 May 2018 13:20:57 GMT" time="0.000" errors="0">
  <testcase name="AdVendor" time="0.000" classname="Rubel.GroupTest"/>
  <testcase name="Adproduct" time="0.000" classname="Rubel.GroupTest"/>
  <testcase name="AdCurrency" time="0.000" classname="Rubel.GroupTest"/>
</testsuite> <!-- Rubel.GroupTest -->
