<?xml version="1.0" encoding="UTF-8"?>
<!-- Generated by org.testng.reporters.JUnitReportReporter -->
<testsuite skipped="0" hostname="L-156053666" name="GCReady.GroupTest2" tests="3" failures="0" timestamp="05 May 2018 12:32:57 GMT" time="0.007" errors="0">
  <testcase name="DeAdVendor" time="0.002" classname="GCReady.GroupTest2"/>
  <testcase name="Deproduct" time="0.003" classname="GCReady.GroupTest2"/>
  <testcase name="DeCurrency" time="0.002" classname="GCReady.GroupTest2"/>
</testsuite> <!-- GCReady.GroupTest2 -->
