<?xml version="1.0" encoding="UTF-8"?>
<!-- Generated by org.testng.reporters.JUnitReportReporter -->
<testsuite skipped="0" hostname="L-156053666" name="Rubel.GroupTest2" tests="3" failures="0" timestamp="05 May 2018 14:57:59 GMT" time="0.015" errors="0">
  <testcase name="DeAdVendor" time="0.000" classname="Rubel.GroupTest2"/>
  <testcase name="Deproduct" time="0.000" classname="Rubel.GroupTest2"/>
  <testcase name="DeCurrency" time="0.015" classname="Rubel.GroupTest2"/>
</testsuite> <!-- Rubel.GroupTest2 -->
