<?xml version="1.0" encoding="UTF-8"?>
<!-- Generated by org.testng.reporters.JUnitReportReporter -->
<testsuite skipped="0" hostname="L-156053666" name="GCReady.GroupTest" tests="3" failures="0" timestamp="05 May 2018 12:32:57 GMT" time="0.010" errors="0">
  <testcase name="AdVendor" time="0.007" classname="GCReady.GroupTest"/>
  <testcase name="Adproduct" time="0.001" classname="GCReady.GroupTest"/>
  <testcase name="AdCurrency" time="0.002" classname="GCReady.GroupTest"/>
</testsuite> <!-- GCReady.GroupTest -->
